[INFO] Scanning for projects...
[INFO] 
[INFO] ------------------< com.tophat:tophat-health-backend >------------------
[INFO] Building tophat-health-backend 0.0.1-SNAPSHOT
[INFO]   from pom.xml
[INFO] --------------------------------[ jar ]---------------------------------
[INFO] 
[INFO] >>> spring-boot:3.5.9:run (default-cli) > test-compile @ tophat-health-backend >>>
[INFO] 
[INFO] --- resources:3.3.1:resources (default-resources) @ tophat-health-backend ---
[INFO] Copying 1 resource from src/main/resources to target/classes
[INFO] Copying 3 resources from src/main/resources to target/classes
[INFO] 
[INFO] --- compiler:3.14.1:compile (default-compile) @ tophat-health-backend ---
[INFO] Nothing to compile - all classes are up to date.
[INFO] 
[INFO] --- resources:3.3.1:testResources (default-testResources) @ tophat-health-backend ---
[INFO] skip non existing resourceDirectory /Users/xnanax/Downloads/tophat-health-platform/backend/src/test/resources
[INFO] 
[INFO] --- compiler:3.14.1:testCompile (default-testCompile) @ tophat-health-backend ---
[INFO] No sources to compile
[INFO] 
[INFO] <<< spring-boot:3.5.9:run (default-cli) < test-compile @ tophat-health-backend <<<
[INFO] 
[INFO] 
[INFO] --- spring-boot:3.5.9:run (default-cli) @ tophat-health-backend ---
[INFO] Attaching agents: []

  .   ____          _            __ _ _
 /\\ / ___'_ __ _ _(_)_ __  __ _ \ \ \ \
( ( )\___ | '_ | '_| | '_ \/ _` | \ \ \ \
 \\/  ___)| |_)| | | | | || (_| |  ) ) ) )
  '  |____| .__|_| |_|_| |_\__, | / / / /
 =========|_|==============|___/=/_/_/_/

 :: Spring Boot ::                (v3.5.9)

2026-03-17T18:55:22.640Z  INFO 62940 --- [tophat-health-backend] [           main] c.tophat.health.TophatHealthApplication  : Starting TophatHealthApplication using Java 21.0.9 with PID 62940 (/Users/xnanax/Downloads/tophat-health-platform/backend/target/classes started by xnanax in /Users/xnanax/Downloads/tophat-health-platform/backend)
2026-03-17T18:55:22.641Z  INFO 62940 --- [tophat-health-backend] [           main] c.tophat.health.TophatHealthApplication  : No active profile set, falling back to 1 default profile: "default"
2026-03-17T18:55:22.907Z  INFO 62940 --- [tophat-health-backend] [           main] .s.d.r.c.RepositoryConfigurationDelegate : Bootstrapping Spring Data JPA repositories in DEFAULT mode.
2026-03-17T18:55:22.934Z  INFO 62940 --- [tophat-health-backend] [           main] .s.d.r.c.RepositoryConfigurationDelegate : Finished Spring Data repository scanning in 22 ms. Found 13 JPA repository interfaces.
2026-03-17T18:55:23.107Z  INFO 62940 --- [tophat-health-backend] [           main] o.s.b.w.embedded.tomcat.TomcatWebServer  : Tomcat initialized with port 8080 (http)
2026-03-17T18:55:23.113Z  INFO 62940 --- [tophat-health-backend] [           main] o.apache.catalina.core.StandardService   : Starting service [Tomcat]
2026-03-17T18:55:23.113Z  INFO 62940 --- [tophat-health-backend] [           main] o.apache.catalina.core.StandardEngine    : Starting Servlet engine: [Apache Tomcat/10.1.50]
2026-03-17T18:55:23.131Z  INFO 62940 --- [tophat-health-backend] [           main] o.a.c.c.C.[Tomcat].[localhost].[/]       : Initializing Spring embedded WebApplicationContext
2026-03-17T18:55:23.131Z  INFO 62940 --- [tophat-health-backend] [           main] w.s.c.ServletWebServerApplicationContext : Root WebApplicationContext: initialization completed in 477 ms
2026-03-17T18:55:23.201Z  INFO 62940 --- [tophat-health-backend] [           main] com.zaxxer.hikari.HikariDataSource       : HikariPool-1 - Starting...
2026-03-17T18:55:23.283Z  INFO 62940 --- [tophat-health-backend] [           main] com.zaxxer.hikari.pool.HikariPool        : HikariPool-1 - Added connection org.postgresql.jdbc.PgConnection@2d70f312
2026-03-17T18:55:23.283Z  INFO 62940 --- [tophat-health-backend] [           main] com.zaxxer.hikari.HikariDataSource       : HikariPool-1 - Start completed.
2026-03-17T18:55:23.295Z  INFO 62940 --- [tophat-health-backend] [           main] org.flywaydb.core.FlywayExecutor         : Database: jdbc:postgresql://localhost:5432/tophat_health (PostgreSQL 18.1)
2026-03-17T18:55:23.299Z  WARN 62940 --- [tophat-health-backend] [           main] o.f.c.internal.database.base.Database    : Flyway upgrade recommended: PostgreSQL 18.1 is newer than this version of Flyway and support has not been tested. The latest supported version of PostgreSQL is 17.
2026-03-17T18:55:23.314Z  INFO 62940 --- [tophat-health-backend] [           main] o.f.core.internal.command.DbValidate     : Successfully validated 3 migrations (execution time 00:00.010s)
2026-03-17T18:55:23.338Z  INFO 62940 --- [tophat-health-backend] [           main] o.f.core.internal.command.DbMigrate      : Current version of schema "public": 2
2026-03-17T18:55:23.344Z  INFO 62940 --- [tophat-health-backend] [           main] o.f.core.internal.command.DbMigrate      : Migrating schema "public" to version "3 - add users table"
2026-03-17T18:55:23.363Z  INFO 62940 --- [tophat-health-backend] [           main] o.f.core.internal.command.DbMigrate      : Successfully applied 1 migration to schema "public", now at version v3 (execution time 00:00.015s)
2026-03-17T18:55:23.388Z  INFO 62940 --- [tophat-health-backend] [           main] o.hibernate.jpa.internal.util.LogHelper  : HHH000204: Processing PersistenceUnitInfo [name: default]
2026-03-17T18:55:23.405Z  INFO 62940 --- [tophat-health-backend] [           main] org.hibernate.Version                    : HHH000412: Hibernate ORM core version 6.6.39.Final
2026-03-17T18:55:23.415Z  INFO 62940 --- [tophat-health-backend] [           main] o.h.c.internal.RegionFactoryInitiator    : HHH000026: Second-level cache disabled
2026-03-17T18:55:23.491Z  INFO 62940 --- [tophat-health-backend] [           main] o.s.o.j.p.SpringPersistenceUnitInfo      : No LoadTimeWeaver setup: ignoring JPA class transformer
2026-03-17T18:55:23.515Z  INFO 62940 --- [tophat-health-backend] [           main] org.hibernate.orm.connections.pooling    : HHH10001005: Database info:
	Database JDBC URL [Connecting through datasource 'HikariDataSource (HikariPool-1)']
	Database driver: undefined/unknown
	Database version: 18.1
	Autocommit mode: undefined/unknown
	Isolation level: undefined/unknown
	Minimum pool size: undefined/unknown
	Maximum pool size: undefined/unknown
2026-03-17T18:55:23.886Z  INFO 62940 --- [tophat-health-backend] [           main] o.h.e.t.j.p.i.JtaPlatformInitiator       : HHH000489: No JTA platform available (set 'hibernate.transaction.jta.platform' to enable JTA platform integration)
2026-03-17T18:55:23.904Z  INFO 62940 --- [tophat-health-backend] [           main] j.LocalContainerEntityManagerFactoryBean : Initialized JPA EntityManagerFactory for persistence unit 'default'
2026-03-17T18:55:24.099Z  INFO 62940 --- [tophat-health-backend] [           main] eAuthenticationProviderManagerConfigurer : Global AuthenticationManager configured with AuthenticationProvider bean with name authenticationProvider
2026-03-17T18:55:24.099Z  WARN 62940 --- [tophat-health-backend] [           main] r$InitializeUserDetailsManagerConfigurer : Global AuthenticationManager configured with an AuthenticationProvider bean. UserDetailsService beans will not be used by Spring Security for automatically configuring username/password login. Consider removing the AuthenticationProvider bean. Alternatively, consider using the UserDetailsService in a manually instantiated DaoAuthenticationProvider. If the current configuration is intentional, to turn off this warning, increase the logging level of 'org.springframework.security.config.annotation.authentication.configuration.InitializeUserDetailsBeanManagerConfigurer' to ERROR
2026-03-17T18:55:24.311Z  INFO 62940 --- [tophat-health-backend] [           main] o.s.b.w.embedded.tomcat.TomcatWebServer  : Tomcat started on port 8080 (http) with context path '/'
2026-03-17T18:55:24.315Z  INFO 62940 --- [tophat-health-backend] [           main] c.tophat.health.TophatHealthApplication  : Started TophatHealthApplication in 1.808 seconds (process running for 1.915)
2026-03-17T18:55:48.942Z  INFO 62940 --- [tophat-health-backend] [nio-8080-exec-1] o.a.c.c.C.[Tomcat].[localhost].[/]       : Initializing Spring DispatcherServlet 'dispatcherServlet'
2026-03-17T18:55:48.942Z  INFO 62940 --- [tophat-health-backend] [nio-8080-exec-1] o.s.web.servlet.DispatcherServlet        : Initializing Servlet 'dispatcherServlet'
2026-03-17T18:55:48.943Z  INFO 62940 --- [tophat-health-backend] [nio-8080-exec-1] o.s.web.servlet.DispatcherServlet        : Completed initialization in 1 ms
2026-03-17T18:56:46.746Z  INFO 62940 --- [tophat-health-backend] [ionShutdownHook] o.s.b.w.e.tomcat.GracefulShutdown        : Commencing graceful shutdown. Waiting for active requests to complete
2026-03-17T18:56:46.752Z  INFO 62940 --- [tophat-health-backend] [tomcat-shutdown] o.s.b.w.e.tomcat.GracefulShutdown        : Graceful shutdown complete
2026-03-17T18:56:46.757Z  INFO 62940 --- [tophat-health-backend] [ionShutdownHook] j.LocalContainerEntityManagerFactoryBean : Closing JPA EntityManagerFactory for persistence unit 'default'
2026-03-17T18:56:46.760Z  INFO 62940 --- [tophat-health-backend] [ionShutdownHook] com.zaxxer.hikari.HikariDataSource       : HikariPool-1 - Shutdown initiated...
2026-03-17T18:56:46.761Z  INFO 62940 --- [tophat-health-backend] [ionShutdownHook] com.zaxxer.hikari.HikariDataSource       : HikariPool-1 - Shutdown completed.
